2023-09-04 10:34:08 INFO  --- [main] uz.OLXCone.DemoApplication : Starting DemoApplication using Java 18.0.2 with PID 12948 (C:\D\IT\PDP\Java-Backend\Real-projects\OlxClone\target\classes started by mirjalol in C:\D\IT\PDP\Java-Backend\Real-projects\OlxClone)
2023-09-04 10:34:08 INFO  --- [main] uz.OLXCone.DemoApplication : No active profile set, falling back to 1 default profile: "default"
2023-09-04 10:34:10 INFO  --- [main] org.springframework.data.repository.config.RepositoryConfigurationDelegate : Bootstrapping Spring Data JPA repositories in DEFAULT mode.
2023-09-04 10:34:10 INFO  --- [main] org.springframework.data.repository.config.RepositoryConfigurationDelegate : Finished Spring Data repository scanning in 148 ms. Found 8 JPA repository interfaces.
2023-09-04 10:34:11 INFO  --- [main] org.springframework.boot.web.embedded.tomcat.TomcatWebServer : Tomcat initialized with port(s): 8080 (http)
2023-09-04 10:34:11 INFO  --- [main] org.apache.catalina.core.StandardService : Starting service [Tomcat]
2023-09-04 10:34:11 INFO  --- [main] org.apache.catalina.core.StandardEngine : Starting Servlet engine: [Apache Tomcat/10.1.11]
2023-09-04 10:34:11 INFO  --- [main] org.apache.catalina.core.ContainerBase.[Tomcat].[localhost].[/] : Initializing Spring embedded WebApplicationContext
2023-09-04 10:34:11 INFO  --- [main] org.springframework.boot.web.servlet.context.ServletWebServerApplicationContext : Root WebApplicationContext: initialization completed in 2974 ms
2023-09-04 10:34:12 INFO  --- [main] org.hibernate.jpa.internal.util.LogHelper : HHH000204: Processing PersistenceUnitInfo [name: default]
2023-09-04 10:34:12 INFO  --- [main] org.hibernate.Version : HHH000412: Hibernate ORM core version 6.2.6.Final
2023-09-04 10:34:12 INFO  --- [main] org.hibernate.cfg.Environment : HHH000406: Using bytecode reflection optimizer
2023-09-04 10:34:12 INFO  --- [main] org.hibernate.bytecode.internal.BytecodeProviderInitiator : HHH000021: Bytecode provider name : bytebuddy
2023-09-04 10:34:13 INFO  --- [main] org.springframework.orm.jpa.persistenceunit.SpringPersistenceUnitInfo : No LoadTimeWeaver setup: ignoring JPA class transformer
2023-09-04 10:34:13 INFO  --- [main] com.zaxxer.hikari.HikariDataSource : HikariPool-1 - Starting...
2023-09-04 10:34:13 INFO  --- [main] com.zaxxer.hikari.pool.HikariPool : HikariPool-1 - Added connection org.postgresql.jdbc.PgConnection@5e541ef9
2023-09-04 10:34:13 INFO  --- [main] com.zaxxer.hikari.HikariDataSource : HikariPool-1 - Start completed.
2023-09-04 10:34:14 INFO  --- [main] org.hibernate.bytecode.internal.BytecodeProviderInitiator : HHH000021: Bytecode provider name : bytebuddy
2023-09-04 10:34:15 INFO  --- [main] org.hibernate.engine.transaction.jta.platform.internal.JtaPlatformInitiator : HHH000490: Using JtaPlatform implementation: [org.hibernate.engine.transaction.jta.platform.internal.NoJtaPlatform]
2023-09-04 10:34:16 INFO  --- [main] org.springframework.orm.jpa.LocalContainerEntityManagerFactoryBean : Initialized JPA EntityManagerFactory for persistence unit 'default'
2023-09-04 10:34:16 INFO  --- [main] org.springframework.data.jpa.repository.query.QueryEnhancerFactory : Hibernate is in classpath; If applicable, HQL parser will be used.
2023-09-04 10:34:17 WARN  --- [main] org.springframework.boot.autoconfigure.orm.jpa.JpaBaseConfiguration$JpaWebConfiguration : spring.jpa.open-in-view is enabled by default. Therefore, database queries may be performed during view rendering. Explicitly configure spring.jpa.open-in-view to disable this warning
2023-09-04 10:34:18 INFO  --- [main] org.springframework.security.web.DefaultSecurityFilterChain : Will secure any request with [org.springframework.security.web.session.DisableEncodeUrlFilter@3b45a3e6, org.springframework.security.web.context.request.async.WebAsyncManagerIntegrationFilter@7927209f, org.springframework.security.web.context.SecurityContextHolderFilter@7d8a5ec7, org.springframework.security.web.header.HeaderWriterFilter@218c6d3e, org.springframework.security.web.authentication.logout.LogoutFilter@59eb987a, uz.OLXCone.security.MyFilter@a1691c0, org.springframework.security.web.savedrequest.RequestCacheAwareFilter@597a5ead, org.springframework.security.web.servletapi.SecurityContextHolderAwareRequestFilter@e763080, org.springframework.security.web.authentication.AnonymousAuthenticationFilter@283595db, org.springframework.security.web.session.SessionManagementFilter@7a8e35d1, org.springframework.security.web.access.ExceptionTranslationFilter@65384249, org.springframework.security.web.access.intercept.AuthorizationFilter@6a450cb5]
2023-09-04 10:34:19 INFO  --- [main] org.springframework.boot.web.embedded.tomcat.TomcatWebServer : Tomcat started on port(s): 8080 (http) with context path ''
2023-09-04 10:34:19 INFO  --- [main] uz.OLXCone.DemoApplication : Started DemoApplication in 11.714 seconds (process running for 13.032)
2023-09-04 10:38:36 INFO  --- [SpringApplicationShutdownHook] org.springframework.orm.jpa.LocalContainerEntityManagerFactoryBean : Closing JPA EntityManagerFactory for persistence unit 'default'
2023-09-04 10:38:36 INFO  --- [SpringApplicationShutdownHook] com.zaxxer.hikari.HikariDataSource : HikariPool-1 - Shutdown initiated...
2023-09-04 10:38:36 INFO  --- [SpringApplicationShutdownHook] com.zaxxer.hikari.HikariDataSource : HikariPool-1 - Shutdown completed.
2023-09-04 10:54:58 INFO  --- [main] uz.OLXCone.DemoApplication : Starting DemoApplication using Java 18.0.2 with PID 5428 (C:\D\IT\PDP\Java-Backend\Real-projects\OlxClone\target\classes started by mirjalol in C:\D\IT\PDP\Java-Backend\Real-projects\OlxClone)
2023-09-04 10:54:58 INFO  --- [main] uz.OLXCone.DemoApplication : No active profile set, falling back to 1 default profile: "default"
2023-09-04 10:54:59 INFO  --- [main] org.springframework.data.repository.config.RepositoryConfigurationDelegate : Bootstrapping Spring Data JPA repositories in DEFAULT mode.
2023-09-04 10:54:59 INFO  --- [main] org.springframework.data.repository.config.RepositoryConfigurationDelegate : Finished Spring Data repository scanning in 170 ms. Found 8 JPA repository interfaces.
2023-09-04 10:55:01 INFO  --- [main] org.springframework.boot.web.embedded.tomcat.TomcatWebServer : Tomcat initialized with port(s): 8080 (http)
2023-09-04 10:55:01 INFO  --- [main] org.apache.catalina.core.StandardService : Starting service [Tomcat]
2023-09-04 10:55:01 INFO  --- [main] org.apache.catalina.core.StandardEngine : Starting Servlet engine: [Apache Tomcat/10.1.11]
2023-09-04 10:55:01 INFO  --- [main] org.apache.catalina.core.ContainerBase.[Tomcat].[localhost].[/] : Initializing Spring embedded WebApplicationContext
2023-09-04 10:55:01 INFO  --- [main] org.springframework.boot.web.servlet.context.ServletWebServerApplicationContext : Root WebApplicationContext: initialization completed in 3058 ms
2023-09-04 10:55:01 INFO  --- [main] org.hibernate.jpa.internal.util.LogHelper : HHH000204: Processing PersistenceUnitInfo [name: default]
2023-09-04 10:55:01 INFO  --- [main] org.hibernate.Version : HHH000412: Hibernate ORM core version 6.2.6.Final
2023-09-04 10:55:01 INFO  --- [main] org.hibernate.cfg.Environment : HHH000406: Using bytecode reflection optimizer
2023-09-04 10:55:02 INFO  --- [main] org.hibernate.bytecode.internal.BytecodeProviderInitiator : HHH000021: Bytecode provider name : bytebuddy
2023-09-04 10:55:02 INFO  --- [main] org.springframework.orm.jpa.persistenceunit.SpringPersistenceUnitInfo : No LoadTimeWeaver setup: ignoring JPA class transformer
2023-09-04 10:55:02 INFO  --- [main] com.zaxxer.hikari.HikariDataSource : HikariPool-1 - Starting...
2023-09-04 10:55:02 INFO  --- [main] com.zaxxer.hikari.pool.HikariPool : HikariPool-1 - Added connection org.postgresql.jdbc.PgConnection@dd20ebc
2023-09-04 10:55:02 INFO  --- [main] com.zaxxer.hikari.HikariDataSource : HikariPool-1 - Start completed.
2023-09-04 10:55:03 INFO  --- [main] org.hibernate.bytecode.internal.BytecodeProviderInitiator : HHH000021: Bytecode provider name : bytebuddy
2023-09-04 10:55:04 INFO  --- [main] org.hibernate.engine.transaction.jta.platform.internal.JtaPlatformInitiator : HHH000490: Using JtaPlatform implementation: [org.hibernate.engine.transaction.jta.platform.internal.NoJtaPlatform]
2023-09-04 10:55:05 INFO  --- [main] org.springframework.orm.jpa.LocalContainerEntityManagerFactoryBean : Initialized JPA EntityManagerFactory for persistence unit 'default'
2023-09-04 10:55:05 INFO  --- [main] org.springframework.data.jpa.repository.query.QueryEnhancerFactory : Hibernate is in classpath; If applicable, HQL parser will be used.
2023-09-04 10:55:06 WARN  --- [main] org.springframework.boot.autoconfigure.orm.jpa.JpaBaseConfiguration$JpaWebConfiguration : spring.jpa.open-in-view is enabled by default. Therefore, database queries may be performed during view rendering. Explicitly configure spring.jpa.open-in-view to disable this warning
2023-09-04 10:55:07 INFO  --- [main] org.springframework.security.web.DefaultSecurityFilterChain : Will secure any request with [org.springframework.security.web.session.DisableEncodeUrlFilter@44b1d2fa, org.springframework.security.web.context.request.async.WebAsyncManagerIntegrationFilter@69eb1f23, org.springframework.security.web.context.SecurityContextHolderFilter@63075ad1, org.springframework.security.web.header.HeaderWriterFilter@100d5018, org.springframework.security.web.authentication.logout.LogoutFilter@33a39d7e, uz.OLXCone.security.MyFilter@51cab489, org.springframework.security.web.savedrequest.RequestCacheAwareFilter@73bb782d, org.springframework.security.web.servletapi.SecurityContextHolderAwareRequestFilter@3a3375d8, org.springframework.security.web.authentication.AnonymousAuthenticationFilter@2c9af700, org.springframework.security.web.session.SessionManagementFilter@1315f1d5, org.springframework.security.web.access.ExceptionTranslationFilter@25ee3cd6, org.springframework.security.web.access.intercept.AuthorizationFilter@2b20caed]
2023-09-04 10:55:08 INFO  --- [main] org.springframework.boot.web.embedded.tomcat.TomcatWebServer : Tomcat started on port(s): 8080 (http) with context path ''
2023-09-04 10:55:08 INFO  --- [main] uz.OLXCone.DemoApplication : Started DemoApplication in 11.388 seconds (process running for 12.667)
2023-09-04 10:56:00 WARN  --- [scheduling-1] org.hibernate.engine.jdbc.spi.SqlExceptionHelper : SQL Error: 0, SQLState: 23503
2023-09-04 10:56:00 ERROR --- [scheduling-1] org.hibernate.engine.jdbc.spi.SqlExceptionHelper : ERROR: update or delete on table "users" violates foreign key constraint "fknf9v9on2xkg70ky8hnaijt1a4" on table "verify"
  Detail: Key (id)=(ca65bd7f-d7ad-4e1b-8560-b8b1106a9b20) is still referenced from table "verify".
2023-09-04 10:56:00 ERROR --- [scheduling-1] org.springframework.scheduling.support.TaskUtils$LoggingErrorHandler : Unexpected error occurred in scheduled task
org.springframework.dao.DataIntegrityViolationException: could not execute statement [ERROR: update or delete on table "users" violates foreign key constraint "fknf9v9on2xkg70ky8hnaijt1a4" on table "verify"
  Detail: Key (id)=(ca65bd7f-d7ad-4e1b-8560-b8b1106a9b20) is still referenced from table "verify".] [delete from users where id=?]; SQL [delete from users where id=?]; constraint [fknf9v9on2xkg70ky8hnaijt1a4]
	at org.springframework.orm.jpa.vendor.HibernateJpaDialect.convertHibernateAccessException(HibernateJpaDialect.java:269)
	at org.springframework.orm.jpa.vendor.HibernateJpaDialect.translateExceptionIfPossible(HibernateJpaDialect.java:229)
	at org.springframework.orm.jpa.JpaTransactionManager.doCommit(JpaTransactionManager.java:565)
	at org.springframework.transaction.support.AbstractPlatformTransactionManager.processCommit(AbstractPlatformTransactionManager.java:743)
	at org.springframework.transaction.support.AbstractPlatformTransactionManager.commit(AbstractPlatformTransactionManager.java:711)
	at org.springframework.transaction.interceptor.TransactionAspectSupport.commitTransactionAfterReturning(TransactionAspectSupport.java:660)
	at org.springframework.transaction.interceptor.TransactionAspectSupport.invokeWithinTransaction(TransactionAspectSupport.java:410)
	at org.springframework.transaction.interceptor.TransactionInterceptor.invoke(TransactionInterceptor.java:119)
	at org.springframework.aop.framework.ReflectiveMethodInvocation.proceed(ReflectiveMethodInvocation.java:184)
	at org.springframework.dao.support.PersistenceExceptionTranslationInterceptor.invoke(PersistenceExceptionTranslationInterceptor.java:137)
	at org.springframework.aop.framework.ReflectiveMethodInvocation.proceed(ReflectiveMethodInvocation.java:184)
	at org.springframework.data.jpa.repository.support.CrudMethodMetadataPostProcessor$CrudMethodMetadataPopulatingMethodInterceptor.invoke(CrudMethodMetadataPostProcessor.java:164)
	at org.springframework.aop.framework.ReflectiveMethodInvocation.proceed(ReflectiveMethodInvocation.java:184)
	at org.springframework.aop.interceptor.ExposeInvocationInterceptor.invoke(ExposeInvocationInterceptor.java:97)
	at org.springframework.aop.framework.ReflectiveMethodInvocation.proceed(ReflectiveMethodInvocation.java:184)
	at org.springframework.aop.framework.JdkDynamicAopProxy.invoke(JdkDynamicAopProxy.java:244)
	at jdk.proxy2/jdk.proxy2.$Proxy151.delete(Unknown Source)
	at uz.OLXCone.service.AuthService.lambda$deleteNeedlessVerify$0(AuthService.java:166)
	at java.base/java.util.ArrayList.forEach(ArrayList.java:1511)
	at uz.OLXCone.service.AuthService.deleteNeedlessVerify(AuthService.java:166)
	at java.base/jdk.internal.reflect.DirectMethodHandleAccessor.invoke(DirectMethodHandleAccessor.java:104)
	at java.base/java.lang.reflect.Method.invoke(Method.java:577)
	at org.springframework.scheduling.support.ScheduledMethodRunnable.run(ScheduledMethodRunnable.java:84)
	at org.springframework.scheduling.support.DelegatingErrorHandlingRunnable.run(DelegatingErrorHandlingRunnable.java:54)
	at org.springframework.scheduling.concurrent.ReschedulingRunnable.run(ReschedulingRunnable.java:96)
	at java.base/java.util.concurrent.Executors$RunnableAdapter.call(Executors.java:539)
	at java.base/java.util.concurrent.FutureTask.run(FutureTask.java:264)
	at java.base/java.util.concurrent.ScheduledThreadPoolExecutor$ScheduledFutureTask.run(ScheduledThreadPoolExecutor.java:304)
	at java.base/java.util.concurrent.ThreadPoolExecutor.runWorker(ThreadPoolExecutor.java:1136)
	at java.base/java.util.concurrent.ThreadPoolExecutor$Worker.run(ThreadPoolExecutor.java:635)
	at java.base/java.lang.Thread.run(Thread.java:833)
Caused by: org.hibernate.exception.ConstraintViolationException: could not execute statement [ERROR: update or delete on table "users" violates foreign key constraint "fknf9v9on2xkg70ky8hnaijt1a4" on table "verify"
  Detail: Key (id)=(ca65bd7f-d7ad-4e1b-8560-b8b1106a9b20) is still referenced from table "verify".] [delete from users where id=?]
	at org.hibernate.exception.internal.SQLStateConversionDelegate.convert(SQLStateConversionDelegate.java:95)
	at org.hibernate.exception.internal.StandardSQLExceptionConverter.convert(StandardSQLExceptionConverter.java:56)
	at org.hibernate.engine.jdbc.spi.SqlExceptionHelper.convert(SqlExceptionHelper.java:108)
	at org.hibernate.engine.jdbc.internal.ResultSetReturnImpl.executeUpdate(ResultSetReturnImpl.java:278)
	at org.hibernate.engine.jdbc.mutation.internal.AbstractMutationExecutor.performNonBatchedMutation(AbstractMutationExecutor.java:108)
	at org.hibernate.engine.jdbc.mutation.internal.MutationExecutorSingleNonBatched.performNonBatchedOperations(MutationExecutorSingleNonBatched.java:40)
	at org.hibernate.engine.jdbc.mutation.internal.AbstractMutationExecutor.execute(AbstractMutationExecutor.java:53)
	at org.hibernate.persister.entity.mutation.DeleteCoordinator.doStaticDelete(DeleteCoordinator.java:300)
	at org.hibernate.persister.entity.mutation.DeleteCoordinator.coordinateDelete(DeleteCoordinator.java:87)
	at org.hibernate.persister.entity.AbstractEntityPersister.delete(AbstractEntityPersister.java:2867)
	at org.hibernate.action.internal.EntityDeleteAction.execute(EntityDeleteAction.java:131)
	at org.hibernate.engine.spi.ActionQueue.executeActions(ActionQueue.java:633)
	at org.hibernate.engine.spi.ActionQueue.executeActions(ActionQueue.java:502)
	at org.hibernate.event.internal.AbstractFlushingEventListener.performExecutions(AbstractFlushingEventListener.java:358)
	at org.hibernate.event.internal.DefaultFlushEventListener.onFlush(DefaultFlushEventListener.java:39)
	at org.hibernate.event.service.internal.EventListenerGroupImpl.fireEventOnEachListener(EventListenerGroupImpl.java:127)
	at org.hibernate.internal.SessionImpl.doFlush(SessionImpl.java:1412)
	at org.hibernate.internal.SessionImpl.managedFlush(SessionImpl.java:485)
	at org.hibernate.internal.SessionImpl.flushBeforeTransactionCompletion(SessionImpl.java:2301)
	at org.hibernate.internal.SessionImpl.beforeTransactionCompletion(SessionImpl.java:1966)
	at org.hibernate.engine.jdbc.internal.JdbcCoordinatorImpl.beforeTransactionCompletion(JdbcCoordinatorImpl.java:439)
	at org.hibernate.resource.transaction.backend.jdbc.internal.JdbcResourceLocalTransactionCoordinatorImpl.beforeCompletionCallback(JdbcResourceLocalTransactionCoordinatorImpl.java:169)
	at org.hibernate.resource.transaction.backend.jdbc.internal.JdbcResourceLocalTransactionCoordinatorImpl$TransactionDriverControlImpl.commit(JdbcResourceLocalTransactionCoordinatorImpl.java:267)
	at org.hibernate.engine.transaction.internal.TransactionImpl.commit(TransactionImpl.java:101)
	at org.springframework.orm.jpa.JpaTransactionManager.doCommit(JpaTransactionManager.java:561)
	... 28 common frames omitted
Caused by: org.postgresql.util.PSQLException: ERROR: update or delete on table "users" violates foreign key constraint "fknf9v9on2xkg70ky8hnaijt1a4" on table "verify"
  Detail: Key (id)=(ca65bd7f-d7ad-4e1b-8560-b8b1106a9b20) is still referenced from table "verify".
	at org.postgresql.core.v3.QueryExecutorImpl.receiveErrorResponse(QueryExecutorImpl.java:2713)
	at org.postgresql.core.v3.QueryExecutorImpl.processResults(QueryExecutorImpl.java:2401)
	at org.postgresql.core.v3.QueryExecutorImpl.execute(QueryExecutorImpl.java:368)
	at org.postgresql.jdbc.PgStatement.executeInternal(PgStatement.java:498)
	at org.postgresql.jdbc.PgStatement.execute(PgStatement.java:415)
	at org.postgresql.jdbc.PgPreparedStatement.executeWithFlags(PgPreparedStatement.java:190)
	at org.postgresql.jdbc.PgPreparedStatement.executeUpdate(PgPreparedStatement.java:152)
	at com.zaxxer.hikari.pool.ProxyPreparedStatement.executeUpdate(ProxyPreparedStatement.java:61)
	at com.zaxxer.hikari.pool.HikariProxyPreparedStatement.executeUpdate(HikariProxyPreparedStatement.java)
	at org.hibernate.engine.jdbc.internal.ResultSetReturnImpl.executeUpdate(ResultSetReturnImpl.java:275)
	... 49 common frames omitted
2023-09-04 10:56:18 INFO  --- [SpringApplicationShutdownHook] org.springframework.orm.jpa.LocalContainerEntityManagerFactoryBean : Closing JPA EntityManagerFactory for persistence unit 'default'
2023-09-04 10:56:18 INFO  --- [SpringApplicationShutdownHook] com.zaxxer.hikari.HikariDataSource : HikariPool-1 - Shutdown initiated...
2023-09-04 10:56:18 INFO  --- [SpringApplicationShutdownHook] com.zaxxer.hikari.HikariDataSource : HikariPool-1 - Shutdown completed.
2023-09-04 11:01:45 INFO  --- [main] uz.OLXCone.DemoApplication : Starting DemoApplication using Java 18.0.2 with PID 18068 (C:\D\IT\PDP\Java-Backend\Real-projects\OlxClone\target\classes started by mirjalol in C:\D\IT\PDP\Java-Backend\Real-projects\OlxClone)
2023-09-04 11:01:45 INFO  --- [main] uz.OLXCone.DemoApplication : No active profile set, falling back to 1 default profile: "default"
2023-09-04 11:01:46 INFO  --- [main] org.springframework.data.repository.config.RepositoryConfigurationDelegate : Bootstrapping Spring Data JPA repositories in DEFAULT mode.
2023-09-04 11:01:46 INFO  --- [main] org.springframework.data.repository.config.RepositoryConfigurationDelegate : Finished Spring Data repository scanning in 148 ms. Found 8 JPA repository interfaces.
2023-09-04 11:01:48 INFO  --- [main] org.springframework.boot.web.embedded.tomcat.TomcatWebServer : Tomcat initialized with port(s): 8080 (http)
2023-09-04 11:01:48 INFO  --- [main] org.apache.catalina.core.StandardService : Starting service [Tomcat]
2023-09-04 11:01:48 INFO  --- [main] org.apache.catalina.core.StandardEngine : Starting Servlet engine: [Apache Tomcat/10.1.11]
2023-09-04 11:01:48 INFO  --- [main] org.apache.catalina.core.ContainerBase.[Tomcat].[localhost].[/] : Initializing Spring embedded WebApplicationContext
2023-09-04 11:01:48 INFO  --- [main] org.springframework.boot.web.servlet.context.ServletWebServerApplicationContext : Root WebApplicationContext: initialization completed in 3057 ms
2023-09-04 11:01:48 INFO  --- [main] org.hibernate.jpa.internal.util.LogHelper : HHH000204: Processing PersistenceUnitInfo [name: default]
2023-09-04 11:01:48 INFO  --- [main] org.hibernate.Version : HHH000412: Hibernate ORM core version 6.2.6.Final
2023-09-04 11:01:48 INFO  --- [main] org.hibernate.cfg.Environment : HHH000406: Using bytecode reflection optimizer
2023-09-04 11:01:49 INFO  --- [main] org.hibernate.bytecode.internal.BytecodeProviderInitiator : HHH000021: Bytecode provider name : bytebuddy
2023-09-04 11:01:49 INFO  --- [main] org.springframework.orm.jpa.persistenceunit.SpringPersistenceUnitInfo : No LoadTimeWeaver setup: ignoring JPA class transformer
2023-09-04 11:01:49 INFO  --- [main] com.zaxxer.hikari.HikariDataSource : HikariPool-1 - Starting...
2023-09-04 11:01:49 INFO  --- [main] com.zaxxer.hikari.pool.HikariPool : HikariPool-1 - Added connection org.postgresql.jdbc.PgConnection@2673487b
2023-09-04 11:01:49 INFO  --- [main] com.zaxxer.hikari.HikariDataSource : HikariPool-1 - Start completed.
2023-09-04 11:01:50 INFO  --- [main] org.hibernate.bytecode.internal.BytecodeProviderInitiator : HHH000021: Bytecode provider name : bytebuddy
2023-09-04 11:01:52 INFO  --- [main] org.hibernate.engine.transaction.jta.platform.internal.JtaPlatformInitiator : HHH000490: Using JtaPlatform implementation: [org.hibernate.engine.transaction.jta.platform.internal.NoJtaPlatform]
2023-09-04 11:01:52 INFO  --- [main] org.springframework.orm.jpa.LocalContainerEntityManagerFactoryBean : Initialized JPA EntityManagerFactory for persistence unit 'default'
2023-09-04 11:01:52 INFO  --- [main] org.springframework.data.jpa.repository.query.QueryEnhancerFactory : Hibernate is in classpath; If applicable, HQL parser will be used.
2023-09-04 11:01:54 WARN  --- [main] org.springframework.boot.autoconfigure.orm.jpa.JpaBaseConfiguration$JpaWebConfiguration : spring.jpa.open-in-view is enabled by default. Therefore, database queries may be performed during view rendering. Explicitly configure spring.jpa.open-in-view to disable this warning
2023-09-04 11:01:55 INFO  --- [main] org.springframework.security.web.DefaultSecurityFilterChain : Will secure any request with [org.springframework.security.web.session.DisableEncodeUrlFilter@77d7d2d0, org.springframework.security.web.context.request.async.WebAsyncManagerIntegrationFilter@63075ad1, org.springframework.security.web.context.SecurityContextHolderFilter@2a8081f5, org.springframework.security.web.header.HeaderWriterFilter@31406eab, org.springframework.security.web.authentication.logout.LogoutFilter@60147536, uz.OLXCone.security.MyFilter@6b37df8e, org.springframework.security.web.savedrequest.RequestCacheAwareFilter@7ecca48, org.springframework.security.web.servletapi.SecurityContextHolderAwareRequestFilter@3d5b2c1e, org.springframework.security.web.authentication.AnonymousAuthenticationFilter@5fa0943d, org.springframework.security.web.session.SessionManagementFilter@5e9a9683, org.springframework.security.web.access.ExceptionTranslationFilter@2c34ce24, org.springframework.security.web.access.intercept.AuthorizationFilter@18918ab9]
2023-09-04 11:01:56 INFO  --- [main] org.springframework.boot.web.embedded.tomcat.TomcatWebServer : Tomcat started on port(s): 8080 (http) with context path ''
2023-09-04 11:01:56 INFO  --- [main] uz.OLXCone.DemoApplication : Started DemoApplication in 11.901 seconds (process running for 14.383)
2023-09-04 11:02:00 ERROR --- [scheduling-1] org.springframework.scheduling.support.TaskUtils$LoggingErrorHandler : Unexpected error occurred in scheduled task
org.springframework.dao.InvalidDataAccessApiUsageException: No EntityManager with actual transaction available for current thread - cannot reliably process 'remove' call
	at org.springframework.orm.jpa.EntityManagerFactoryUtils.convertJpaAccessExceptionIfPossible(EntityManagerFactoryUtils.java:400)
	at org.springframework.orm.jpa.vendor.HibernateJpaDialect.translateExceptionIfPossible(HibernateJpaDialect.java:234)
	at org.springframework.orm.jpa.AbstractEntityManagerFactoryBean.translateExceptionIfPossible(AbstractEntityManagerFactoryBean.java:550)
	at org.springframework.dao.support.ChainedPersistenceExceptionTranslator.translateExceptionIfPossible(ChainedPersistenceExceptionTranslator.java:61)
	at org.springframework.dao.support.DataAccessUtils.translateIfNecessary(DataAccessUtils.java:242)
	at org.springframework.dao.support.PersistenceExceptionTranslationInterceptor.invoke(PersistenceExceptionTranslationInterceptor.java:152)
	at org.springframework.aop.framework.ReflectiveMethodInvocation.proceed(ReflectiveMethodInvocation.java:184)
	at org.springframework.data.jpa.repository.support.CrudMethodMetadataPostProcessor$CrudMethodMetadataPopulatingMethodInterceptor.invoke(CrudMethodMetadataPostProcessor.java:135)
	at org.springframework.aop.framework.ReflectiveMethodInvocation.proceed(ReflectiveMethodInvocation.java:184)
	at org.springframework.aop.interceptor.ExposeInvocationInterceptor.invoke(ExposeInvocationInterceptor.java:97)
	at org.springframework.aop.framework.ReflectiveMethodInvocation.proceed(ReflectiveMethodInvocation.java:184)
	at org.springframework.aop.framework.JdkDynamicAopProxy.invoke(JdkDynamicAopProxy.java:244)
	at jdk.proxy2/jdk.proxy2.$Proxy167.deleteAllByTimeBefore(Unknown Source)
	at uz.OLXCone.service.AuthService.deleteNeedlessVerify(AuthService.java:163)
	at java.base/jdk.internal.reflect.DirectMethodHandleAccessor.invoke(DirectMethodHandleAccessor.java:104)
	at java.base/java.lang.reflect.Method.invoke(Method.java:577)
	at org.springframework.scheduling.support.ScheduledMethodRunnable.run(ScheduledMethodRunnable.java:84)
	at org.springframework.scheduling.support.DelegatingErrorHandlingRunnable.run(DelegatingErrorHandlingRunnable.java:54)
	at org.springframework.scheduling.concurrent.ReschedulingRunnable.run(ReschedulingRunnable.java:96)
	at java.base/java.util.concurrent.Executors$RunnableAdapter.call(Executors.java:539)
	at java.base/java.util.concurrent.FutureTask.run(FutureTask.java:264)
	at java.base/java.util.concurrent.ScheduledThreadPoolExecutor$ScheduledFutureTask.run(ScheduledThreadPoolExecutor.java:304)
	at java.base/java.util.concurrent.ThreadPoolExecutor.runWorker(ThreadPoolExecutor.java:1136)
	at java.base/java.util.concurrent.ThreadPoolExecutor$Worker.run(ThreadPoolExecutor.java:635)
	at java.base/java.lang.Thread.run(Thread.java:833)
Caused by: jakarta.persistence.TransactionRequiredException: No EntityManager with actual transaction available for current thread - cannot reliably process 'remove' call
	at org.springframework.orm.jpa.SharedEntityManagerCreator$SharedEntityManagerInvocationHandler.invoke(SharedEntityManagerCreator.java:295)
	at jdk.proxy2/jdk.proxy2.$Proxy143.remove(Unknown Source)
	at org.springframework.data.jpa.repository.query.JpaQueryExecution$DeleteExecution.doExecute(JpaQueryExecution.java:298)
	at org.springframework.data.jpa.repository.query.JpaQueryExecution.execute(JpaQueryExecution.java:92)
	at org.springframework.data.jpa.repository.query.AbstractJpaQuery.doExecute(AbstractJpaQuery.java:148)
	at org.springframework.data.jpa.repository.query.AbstractJpaQuery.execute(AbstractJpaQuery.java:136)
	at org.springframework.data.repository.core.support.RepositoryMethodInvoker.doInvoke(RepositoryMethodInvoker.java:136)
	at org.springframework.data.repository.core.support.RepositoryMethodInvoker.invoke(RepositoryMethodInvoker.java:120)
	at org.springframework.data.repository.core.support.QueryExecutorMethodInterceptor.doInvoke(QueryExecutorMethodInterceptor.java:164)
	at org.springframework.data.repository.core.support.QueryExecutorMethodInterceptor.invoke(QueryExecutorMethodInterceptor.java:143)
	at org.springframework.aop.framework.ReflectiveMethodInvocation.proceed(ReflectiveMethodInvocation.java:184)
	at org.springframework.data.projection.DefaultMethodInvokingMethodInterceptor.invoke(DefaultMethodInvokingMethodInterceptor.java:72)
	at org.springframework.aop.framework.ReflectiveMethodInvocation.proceed(ReflectiveMethodInvocation.java:184)
	at org.springframework.transaction.interceptor.TransactionInterceptor$1.proceedWithInvocation(TransactionInterceptor.java:123)
	at org.springframework.transaction.interceptor.TransactionAspectSupport.invokeWithinTransaction(TransactionAspectSupport.java:391)
	at org.springframework.transaction.interceptor.TransactionInterceptor.invoke(TransactionInterceptor.java:119)
	at org.springframework.aop.framework.ReflectiveMethodInvocation.proceed(ReflectiveMethodInvocation.java:184)
	at org.springframework.dao.support.PersistenceExceptionTranslationInterceptor.invoke(PersistenceExceptionTranslationInterceptor.java:137)
	... 19 common frames omitted
2023-09-04 11:02:23 INFO  --- [SpringApplicationShutdownHook] org.springframework.orm.jpa.LocalContainerEntityManagerFactoryBean : Closing JPA EntityManagerFactory for persistence unit 'default'
2023-09-04 11:02:23 INFO  --- [SpringApplicationShutdownHook] com.zaxxer.hikari.HikariDataSource : HikariPool-1 - Shutdown initiated...
2023-09-04 11:02:23 INFO  --- [SpringApplicationShutdownHook] com.zaxxer.hikari.HikariDataSource : HikariPool-1 - Shutdown completed.
2023-09-04 11:04:33 INFO  --- [main] uz.OLXCone.DemoApplication : Starting DemoApplication using Java 18.0.2 with PID 9584 (C:\D\IT\PDP\Java-Backend\Real-projects\OlxClone\target\classes started by mirjalol in C:\D\IT\PDP\Java-Backend\Real-projects\OlxClone)
2023-09-04 11:04:33 INFO  --- [main] uz.OLXCone.DemoApplication : No active profile set, falling back to 1 default profile: "default"
2023-09-04 11:04:35 INFO  --- [main] org.springframework.data.repository.config.RepositoryConfigurationDelegate : Bootstrapping Spring Data JPA repositories in DEFAULT mode.
2023-09-04 11:04:35 INFO  --- [main] org.springframework.data.repository.config.RepositoryConfigurationDelegate : Finished Spring Data repository scanning in 195 ms. Found 8 JPA repository interfaces.
2023-09-04 11:04:36 INFO  --- [main] org.springframework.boot.web.embedded.tomcat.TomcatWebServer : Tomcat initialized with port(s): 8080 (http)
2023-09-04 11:04:36 INFO  --- [main] org.apache.catalina.core.StandardService : Starting service [Tomcat]
2023-09-04 11:04:36 INFO  --- [main] org.apache.catalina.core.StandardEngine : Starting Servlet engine: [Apache Tomcat/10.1.11]
2023-09-04 11:04:36 INFO  --- [main] org.apache.catalina.core.ContainerBase.[Tomcat].[localhost].[/] : Initializing Spring embedded WebApplicationContext
2023-09-04 11:04:36 INFO  --- [main] org.springframework.boot.web.servlet.context.ServletWebServerApplicationContext : Root WebApplicationContext: initialization completed in 3307 ms
2023-09-04 11:04:37 INFO  --- [main] org.hibernate.jpa.internal.util.LogHelper : HHH000204: Processing PersistenceUnitInfo [name: default]
2023-09-04 11:04:37 INFO  --- [main] org.hibernate.Version : HHH000412: Hibernate ORM core version 6.2.6.Final
2023-09-04 11:04:37 INFO  --- [main] org.hibernate.cfg.Environment : HHH000406: Using bytecode reflection optimizer
2023-09-04 11:04:37 INFO  --- [main] org.hibernate.bytecode.internal.BytecodeProviderInitiator : HHH000021: Bytecode provider name : bytebuddy
2023-09-04 11:04:37 INFO  --- [main] org.springframework.orm.jpa.persistenceunit.SpringPersistenceUnitInfo : No LoadTimeWeaver setup: ignoring JPA class transformer
2023-09-04 11:04:37 INFO  --- [main] com.zaxxer.hikari.HikariDataSource : HikariPool-1 - Starting...
2023-09-04 11:04:38 INFO  --- [main] com.zaxxer.hikari.pool.HikariPool : HikariPool-1 - Added connection org.postgresql.jdbc.PgConnection@3d53e876
2023-09-04 11:04:38 INFO  --- [main] com.zaxxer.hikari.HikariDataSource : HikariPool-1 - Start completed.
2023-09-04 11:04:38 INFO  --- [main] org.hibernate.bytecode.internal.BytecodeProviderInitiator : HHH000021: Bytecode provider name : bytebuddy
2023-09-04 11:04:40 INFO  --- [main] org.hibernate.engine.transaction.jta.platform.internal.JtaPlatformInitiator : HHH000490: Using JtaPlatform implementation: [org.hibernate.engine.transaction.jta.platform.internal.NoJtaPlatform]
2023-09-04 11:04:40 INFO  --- [main] org.springframework.orm.jpa.LocalContainerEntityManagerFactoryBean : Initialized JPA EntityManagerFactory for persistence unit 'default'
2023-09-04 11:04:40 INFO  --- [main] org.springframework.data.jpa.repository.query.QueryEnhancerFactory : Hibernate is in classpath; If applicable, HQL parser will be used.
2023-09-04 11:04:42 WARN  --- [main] org.springframework.boot.autoconfigure.orm.jpa.JpaBaseConfiguration$JpaWebConfiguration : spring.jpa.open-in-view is enabled by default. Therefore, database queries may be performed during view rendering. Explicitly configure spring.jpa.open-in-view to disable this warning
2023-09-04 11:04:43 INFO  --- [main] org.springframework.security.web.DefaultSecurityFilterChain : Will secure any request with [org.springframework.security.web.session.DisableEncodeUrlFilter@6c89c92e, org.springframework.security.web.context.request.async.WebAsyncManagerIntegrationFilter@62109320, org.springframework.security.web.context.SecurityContextHolderFilter@384cd83a, org.springframework.security.web.header.HeaderWriterFilter@6c54d0dc, org.springframework.security.web.authentication.logout.LogoutFilter@1a16583d, uz.OLXCone.security.MyFilter@44f0ff2b, org.springframework.security.web.savedrequest.RequestCacheAwareFilter@3119fcad, org.springframework.security.web.servletapi.SecurityContextHolderAwareRequestFilter@6d7005e2, org.springframework.security.web.authentication.AnonymousAuthenticationFilter@34d644b5, org.springframework.security.web.session.SessionManagementFilter@684a34f4, org.springframework.security.web.access.ExceptionTranslationFilter@79fbcef4, org.springframework.security.web.access.intercept.AuthorizationFilter@75128cf]
2023-09-04 11:04:44 INFO  --- [main] org.springframework.boot.web.embedded.tomcat.TomcatWebServer : Tomcat started on port(s): 8080 (http) with context path ''
2023-09-04 11:04:44 INFO  --- [main] uz.OLXCone.DemoApplication : Started DemoApplication in 11.614 seconds (process running for 12.964)
2023-09-04 11:05:15 INFO  --- [SpringApplicationShutdownHook] org.springframework.orm.jpa.LocalContainerEntityManagerFactoryBean : Closing JPA EntityManagerFactory for persistence unit 'default'
2023-09-04 11:05:15 INFO  --- [SpringApplicationShutdownHook] com.zaxxer.hikari.HikariDataSource : HikariPool-1 - Shutdown initiated...
2023-09-04 11:05:15 INFO  --- [SpringApplicationShutdownHook] com.zaxxer.hikari.HikariDataSource : HikariPool-1 - Shutdown completed.
2023-09-04 11:56:22 INFO  --- [main] uz.OLXCone.DemoApplication : Starting DemoApplication using Java 18.0.2 with PID 5948 (C:\D\IT\PDP\Java-Backend\Real-projects\OlxClone\target\classes started by mirjalol in C:\D\IT\PDP\Java-Backend\Real-projects\OlxClone)
2023-09-04 11:56:22 INFO  --- [main] uz.OLXCone.DemoApplication : No active profile set, falling back to 1 default profile: "default"
2023-09-04 11:56:24 INFO  --- [main] org.springframework.data.repository.config.RepositoryConfigurationDelegate : Bootstrapping Spring Data JPA repositories in DEFAULT mode.
2023-09-04 11:56:24 INFO  --- [main] org.springframework.data.repository.config.RepositoryConfigurationDelegate : Finished Spring Data repository scanning in 150 ms. Found 8 JPA repository interfaces.
2023-09-04 11:56:25 INFO  --- [main] org.springframework.boot.web.embedded.tomcat.TomcatWebServer : Tomcat initialized with port(s): 8080 (http)
2023-09-04 11:56:25 INFO  --- [main] org.apache.catalina.core.StandardService : Starting service [Tomcat]
2023-09-04 11:56:25 INFO  --- [main] org.apache.catalina.core.StandardEngine : Starting Servlet engine: [Apache Tomcat/10.1.11]
2023-09-04 11:56:26 INFO  --- [main] org.apache.catalina.core.ContainerBase.[Tomcat].[localhost].[/] : Initializing Spring embedded WebApplicationContext
2023-09-04 11:56:26 INFO  --- [main] org.springframework.boot.web.servlet.context.ServletWebServerApplicationContext : Root WebApplicationContext: initialization completed in 3007 ms
2023-09-04 11:56:26 INFO  --- [main] org.hibernate.jpa.internal.util.LogHelper : HHH000204: Processing PersistenceUnitInfo [name: default]
2023-09-04 11:56:26 INFO  --- [main] org.hibernate.Version : HHH000412: Hibernate ORM core version 6.2.6.Final
2023-09-04 11:56:26 INFO  --- [main] org.hibernate.cfg.Environment : HHH000406: Using bytecode reflection optimizer
2023-09-04 11:56:26 INFO  --- [main] org.hibernate.bytecode.internal.BytecodeProviderInitiator : HHH000021: Bytecode provider name : bytebuddy
2023-09-04 11:56:27 INFO  --- [main] org.springframework.orm.jpa.persistenceunit.SpringPersistenceUnitInfo : No LoadTimeWeaver setup: ignoring JPA class transformer
2023-09-04 11:56:27 INFO  --- [main] com.zaxxer.hikari.HikariDataSource : HikariPool-1 - Starting...
2023-09-04 11:56:27 INFO  --- [main] com.zaxxer.hikari.pool.HikariPool : HikariPool-1 - Added connection org.postgresql.jdbc.PgConnection@485c84d7
2023-09-04 11:56:27 INFO  --- [main] com.zaxxer.hikari.HikariDataSource : HikariPool-1 - Start completed.
2023-09-04 11:56:28 INFO  --- [main] org.hibernate.bytecode.internal.BytecodeProviderInitiator : HHH000021: Bytecode provider name : bytebuddy
2023-09-04 11:56:29 INFO  --- [main] org.hibernate.engine.transaction.jta.platform.internal.JtaPlatformInitiator : HHH000490: Using JtaPlatform implementation: [org.hibernate.engine.transaction.jta.platform.internal.NoJtaPlatform]
2023-09-04 11:56:30 INFO  --- [main] org.springframework.orm.jpa.LocalContainerEntityManagerFactoryBean : Initialized JPA EntityManagerFactory for persistence unit 'default'
2023-09-04 11:56:30 INFO  --- [main] org.springframework.data.jpa.repository.query.QueryEnhancerFactory : Hibernate is in classpath; If applicable, HQL parser will be used.
2023-09-04 11:56:31 WARN  --- [main] org.springframework.boot.autoconfigure.orm.jpa.JpaBaseConfiguration$JpaWebConfiguration : spring.jpa.open-in-view is enabled by default. Therefore, database queries may be performed during view rendering. Explicitly configure spring.jpa.open-in-view to disable this warning
2023-09-04 11:56:32 INFO  --- [main] org.springframework.security.web.DefaultSecurityFilterChain : Will secure any request with [org.springframework.security.web.session.DisableEncodeUrlFilter@374712f8, org.springframework.security.web.context.request.async.WebAsyncManagerIntegrationFilter@33aa4326, org.springframework.security.web.context.SecurityContextHolderFilter@3280a79a, org.springframework.security.web.header.HeaderWriterFilter@234dfc8e, org.springframework.security.web.authentication.logout.LogoutFilter@44b1d2fa, uz.OLXCone.security.MyFilter@5e1a986c, org.springframework.security.web.savedrequest.RequestCacheAwareFilter@770be0d0, org.springframework.security.web.servletapi.SecurityContextHolderAwareRequestFilter@6c54d0dc, org.springframework.security.web.authentication.AnonymousAuthenticationFilter@125ed27, org.springframework.security.web.session.SessionManagementFilter@318f47f1, org.springframework.security.web.access.ExceptionTranslationFilter@12f32f99, org.springframework.security.web.access.intercept.AuthorizationFilter@4b19ee18]
2023-09-04 11:56:33 INFO  --- [main] org.springframework.boot.web.embedded.tomcat.TomcatWebServer : Tomcat started on port(s): 8080 (http) with context path ''
2023-09-04 11:56:33 INFO  --- [main] uz.OLXCone.DemoApplication : Started DemoApplication in 11.483 seconds (process running for 12.736)
2023-09-04 11:57:16 INFO  --- [SpringApplicationShutdownHook] org.springframework.orm.jpa.LocalContainerEntityManagerFactoryBean : Closing JPA EntityManagerFactory for persistence unit 'default'
2023-09-04 11:57:16 INFO  --- [SpringApplicationShutdownHook] com.zaxxer.hikari.HikariDataSource : HikariPool-1 - Shutdown initiated...
2023-09-04 11:57:16 INFO  --- [SpringApplicationShutdownHook] com.zaxxer.hikari.HikariDataSource : HikariPool-1 - Shutdown completed.
